Started GET "/" for 127.0.0.1 at 2018-06-16 11:54:41 +0200
Processing by Rails::WelcomeController#index as HTML
  Rendering /Users/Mac/.rvm/gems/ruby-2.3.0/gems/railties-5.1.6/lib/rails/templates/rails/welcome/index.html.erb
  Rendered /Users/Mac/.rvm/gems/ruby-2.3.0/gems/railties-5.1.6/lib/rails/templates/rails/welcome/index.html.erb (5.0ms)
Completed 200 OK in 1261ms (Views: 36.7ms)


Started GET "/" for 127.0.0.1 at 2018-06-16 12:00:47 +0200
Processing by Rails::WelcomeController#index as HTML
  Rendering /Users/Mac/.rvm/gems/ruby-2.3.0/gems/railties-5.1.6/lib/rails/templates/rails/welcome/index.html.erb
  Rendered /Users/Mac/.rvm/gems/ruby-2.3.0/gems/railties-5.1.6/lib/rails/templates/rails/welcome/index.html.erb (5.9ms)
Completed 200 OK in 505ms (Views: 36.3ms)


Started GET "/" for 127.0.0.1 at 2018-06-16 12:11:31 +0200
Processing by HomeController#index as HTML
  Rendering home/index.html.erb within layouts/application
  Rendered home/index.html.erb within layouts/application (1.8ms)
Completed 200 OK in 2103ms (Views: 1903.1ms)


  [1m[35m (0.1ms)[0m  [1m[34mSELECT sqlite_version(*)[0m
  [1m[35m (1.9ms)[0m  [1m[35mCREATE TABLE "schema_migrations" ("version" varchar NOT NULL PRIMARY KEY)[0m
  [1m[35m (1.6ms)[0m  [1m[35mCREATE TABLE "ar_internal_metadata" ("key" varchar NOT NULL PRIMARY KEY, "value" varchar, "created_at" datetime NOT NULL, "updated_at" datetime NOT NULL)[0m
  [1m[35m (0.2ms)[0m  [1m[34mSELECT "schema_migrations"."version" FROM "schema_migrations" ORDER BY "schema_migrations"."version" ASC[0m
Migrating to DeviseCreateUsers (20180616101552)
  [1m[35m (0.1ms)[0m  [1m[36mbegin transaction[0m
  [1m[35m (0.8ms)[0m  [1m[35mCREATE TABLE "users" ("id" INTEGER PRIMARY KEY AUTOINCREMENT NOT NULL, "email" varchar DEFAULT '' NOT NULL, "encrypted_password" varchar DEFAULT '' NOT NULL, "reset_password_token" varchar, "reset_password_sent_at" datetime, "remember_created_at" datetime, "sign_in_count" integer DEFAULT 0 NOT NULL, "current_sign_in_at" datetime, "last_sign_in_at" datetime, "current_sign_in_ip" varchar, "last_sign_in_ip" varchar, "created_at" datetime NOT NULL, "updated_at" datetime NOT NULL)[0m
  [1m[35m (0.2ms)[0m  [1m[35mCREATE UNIQUE INDEX "index_users_on_email" ON "users" ("email")[0m
  [1m[35m (0.1ms)[0m  [1m[34m            SELECT sql
            FROM sqlite_master
            WHERE name='index_users_on_email' AND type='index'
            UNION ALL
            SELECT sql
            FROM sqlite_temp_master
            WHERE name='index_users_on_email' AND type='index'
[0m
  [1m[35m (0.2ms)[0m  [1m[35mCREATE UNIQUE INDEX "index_users_on_reset_password_token" ON "users" ("reset_password_token")[0m
  [1m[35mSQL (0.2ms)[0m  [1m[32mINSERT INTO "schema_migrations" ("version") VALUES (?)[0m  [["version", "20180616101552"]]
  [1m[35m (1.1ms)[0m  [1m[36mcommit transaction[0m
  [1m[36mActiveRecord::InternalMetadata Load (0.1ms)[0m  [1m[34mSELECT  "ar_internal_metadata".* FROM "ar_internal_metadata" WHERE "ar_internal_metadata"."key" = ? LIMIT ?[0m  [["key", "environment"], ["LIMIT", 1]]
  [1m[35m (0.1ms)[0m  [1m[36mbegin transaction[0m
  [1m[35mSQL (0.4ms)[0m  [1m[32mINSERT INTO "ar_internal_metadata" ("key", "value", "created_at", "updated_at") VALUES (?, ?, ?, ?)[0m  [["key", "environment"], ["value", "development"], ["created_at", "2018-06-16 10:16:41.449877"], ["updated_at", "2018-06-16 10:16:41.449877"]]
  [1m[35m (1.4ms)[0m  [1m[36mcommit transaction[0m
  [1m[35m (0.2ms)[0m  [1m[34mSELECT "schema_migrations"."version" FROM "schema_migrations" ORDER BY "schema_migrations"."version" ASC[0m
  [1m[35m (0.1ms)[0m  [1m[34m            SELECT sql
            FROM sqlite_master
            WHERE name='index_users_on_reset_password_token' AND type='index'
            UNION ALL
            SELECT sql
            FROM sqlite_temp_master
            WHERE name='index_users_on_reset_password_token' AND type='index'
[0m
  [1m[35m (0.2ms)[0m  [1m[34m            SELECT sql
            FROM sqlite_master
            WHERE name='index_users_on_email' AND type='index'
            UNION ALL
            SELECT sql
            FROM sqlite_temp_master
            WHERE name='index_users_on_email' AND type='index'
[0m
Started GET "/" for 127.0.0.1 at 2018-06-16 12:18:07 +0200
  [1m[35m (0.2ms)[0m  [1m[34mSELECT "schema_migrations"."version" FROM "schema_migrations" ORDER BY "schema_migrations"."version" ASC[0m
Processing by HomeController#index as HTML
  Rendering home/index.html.erb within layouts/application
  Rendered home/index.html.erb within layouts/application (2.1ms)
Completed 200 OK in 427ms (Views: 380.9ms | ActiveRecord: 0.0ms)


Started GET "/users/sign_in" for 127.0.0.1 at 2018-06-16 12:18:13 +0200
Processing by Devise::SessionsController#new as HTML
  Rendering /Users/Mac/.rvm/gems/ruby-2.3.0/gems/devise-4.4.3/app/views/devise/sessions/new.html.erb within layouts/application
  Rendered /Users/Mac/.rvm/gems/ruby-2.3.0/gems/devise-4.4.3/app/views/devise/shared/_links.html.erb (1.8ms)
  Rendered /Users/Mac/.rvm/gems/ruby-2.3.0/gems/devise-4.4.3/app/views/devise/sessions/new.html.erb within layouts/application (111.5ms)
Completed 200 OK in 172ms (Views: 146.1ms | ActiveRecord: 0.7ms)


Started GET "/users/sign_in" for 127.0.0.1 at 2018-06-16 12:23:25 +0200
  [1m[35m (0.4ms)[0m  [1m[34mSELECT "schema_migrations"."version" FROM "schema_migrations" ORDER BY "schema_migrations"."version" ASC[0m
Processing by Devise::SessionsController#new as HTML
  Rendering devise/sessions/new.html.erb within layouts/application
  Rendered devise/shared/_links.html.erb (1.5ms)
  Rendered devise/sessions/new.html.erb within layouts/application (210.5ms)
Completed 200 OK in 832ms (Views: 793.6ms | ActiveRecord: 0.9ms)


Started GET "/" for 127.0.0.1 at 2018-06-16 12:23:30 +0200
Processing by HomeController#index as HTML
  Rendering home/index.html.erb within layouts/application
  Rendered home/index.html.erb within layouts/application (0.5ms)
Completed 200 OK in 86ms (Views: 27.9ms | ActiveRecord: 0.0ms)


  [1m[35m (17.2ms)[0m  [1m[34mSELECT "schema_migrations"."version" FROM "schema_migrations" ORDER BY "schema_migrations"."version" ASC[0m
Migrating to CreatePosts (20180616102753)
  [1m[35m (0.1ms)[0m  [1m[36mbegin transaction[0m
  [1m[35m (0.1ms)[0m  [1m[34mSELECT sqlite_version(*)[0m
  [1m[35m (0.7ms)[0m  [1m[35mCREATE TABLE "posts" ("id" INTEGER PRIMARY KEY AUTOINCREMENT NOT NULL, "user_id" integer, "description" text, "created_at" datetime NOT NULL, "updated_at" datetime NOT NULL)[0m
  [1m[35mSQL (0.6ms)[0m  [1m[32mINSERT INTO "schema_migrations" ("version") VALUES (?)[0m  [["version", "20180616102753"]]
  [1m[35m (1.2ms)[0m  [1m[36mcommit transaction[0m
  [1m[36mActiveRecord::InternalMetadata Load (0.9ms)[0m  [1m[34mSELECT  "ar_internal_metadata".* FROM "ar_internal_metadata" WHERE "ar_internal_metadata"."key" = ? LIMIT ?[0m  [["key", "environment"], ["LIMIT", 1]]
  [1m[35m (0.1ms)[0m  [1m[36mbegin transaction[0m
  [1m[35m (0.1ms)[0m  [1m[36mcommit transaction[0m
  [1m[35m (0.2ms)[0m  [1m[34mSELECT "schema_migrations"."version" FROM "schema_migrations" ORDER BY "schema_migrations"."version" ASC[0m
  [1m[35m (0.1ms)[0m  [1m[34m            SELECT sql
            FROM sqlite_master
            WHERE name='index_users_on_reset_password_token' AND type='index'
            UNION ALL
            SELECT sql
            FROM sqlite_temp_master
            WHERE name='index_users_on_reset_password_token' AND type='index'
[0m
  [1m[35m (0.1ms)[0m  [1m[34m            SELECT sql
            FROM sqlite_master
            WHERE name='index_users_on_email' AND type='index'
            UNION ALL
            SELECT sql
            FROM sqlite_temp_master
            WHERE name='index_users_on_email' AND type='index'
[0m
Started GET "/" for 127.0.0.1 at 2018-06-16 12:28:57 +0200
  [1m[35m (0.3ms)[0m  [1m[34mSELECT "schema_migrations"."version" FROM "schema_migrations" ORDER BY "schema_migrations"."version" ASC[0m
Processing by HomeController#index as HTML
  Rendering home/index.html.erb within layouts/application
  Rendered home/index.html.erb within layouts/application (1.4ms)
Completed 200 OK in 1085ms (Views: 1020.5ms | ActiveRecord: 0.0ms)


Started GET "/" for 127.0.0.1 at 2018-06-16 12:34:47 +0200
Processing by HomeController#index as HTML
  Rendering home/index.html.erb within layouts/application
  Rendered home/index.html.erb within layouts/application (0.7ms)
Completed 200 OK in 161ms (Views: 138.8ms)


Started GET "/" for 127.0.0.1 at 2018-06-16 12:39:09 +0200
Processing by HomeController#index as HTML
  Rendering home/index.html.erb within layouts/application
  Rendered posts/_post.erb (3.1ms)
  Rendered home/index.html.erb within layouts/application (7.1ms)
Completed 200 OK in 220ms (Views: 207.5ms)


Started GET "/" for 127.0.0.1 at 2018-06-16 12:39:26 +0200
Processing by HomeController#index as HTML
  Rendering home/index.html.erb within layouts/application
  Rendered posts/_post.erb (1.6ms)
  Rendered home/index.html.erb within layouts/application (6.3ms)
Completed 200 OK in 84ms (Views: 79.9ms)


Started GET "/" for 127.0.0.1 at 2018-06-16 12:41:25 +0200
Processing by HomeController#index as HTML
  Rendering home/index.html.erb within layouts/application
  Rendered posts/_post.erb (1.2ms)
  Rendered home/index.html.erb within layouts/application (4.4ms)
Completed 200 OK in 76ms (Views: 72.9ms)


Started GET "/" for 127.0.0.1 at 2018-06-16 12:42:02 +0200
Processing by HomeController#index as HTML
  Rendering home/index.html.erb within layouts/application
  Rendered posts/_post.erb (1.1ms)
  Rendered home/index.html.erb within layouts/application (4.0ms)
Completed 200 OK in 51ms (Views: 48.3ms)


Started GET "/" for 127.0.0.1 at 2018-06-16 12:42:25 +0200
Processing by HomeController#index as HTML
  Rendering home/index.html.erb within layouts/application
  Rendered posts/_post.erb (2.8ms)
  Rendered home/index.html.erb within layouts/application (6.7ms)
Completed 200 OK in 73ms (Views: 66.9ms)


Started GET "/" for 127.0.0.1 at 2018-06-16 12:42:50 +0200
Processing by HomeController#index as HTML
  Rendering home/index.html.erb within layouts/application
  Rendered posts/_post.erb (237.4ms)
  Rendered home/index.html.erb within layouts/application (241.0ms)
Completed 500 Internal Server Error in 257ms


  
ActionView::Template::Error (undefined method `posts_path' for #<#<Class:0x007fcb351dce98>:0x007fcb36dc0790>
Did you mean?  post_path):
    1: <%= form_tag :posts do %>
    2:   <%= text_field_tag :description %>
    3:   <%= submit_tag "invio" %>
    4: <% end %>
  
app/views/posts/_post.erb:1:in `_app_views_posts__post_erb___1733974377451904281_70255388037460'
app/views/home/index.html.erb:1:in `_app_views_home_index_html_erb___238061415732654493_70255387744000'
Started GET "/" for 127.0.0.1 at 2018-06-16 12:43:04 +0200
Processing by HomeController#index as HTML
  Rendering home/index.html.erb within layouts/application
  Rendered posts/_post.erb (3.8ms)
  Rendered home/index.html.erb within layouts/application (7.1ms)
Completed 500 Internal Server Error in 20ms


  
ActionView::Template::Error (No route matches {:action=>"show", :controller=>"post"}, missing required keys: [:id]):
    1: <%= form_tag post_path do %>
    2:   <%= text_field_tag :description %>
    3:   <%= submit_tag "invio" %>
    4: <% end %>
  
app/views/posts/_post.erb:1:in `_app_views_posts__post_erb___1733974377451904281_70255387968220'
app/views/home/index.html.erb:1:in `_app_views_home_index_html_erb___238061415732654493_70255388117360'
Started GET "/" for 127.0.0.1 at 2018-06-16 12:44:44 +0200
Processing by HomeController#index as HTML
  Rendering home/index.html.erb within layouts/application
  Rendered posts/_post.erb (1.2ms)
  Rendered home/index.html.erb within layouts/application (4.8ms)
Completed 200 OK in 143ms (Views: 139.3ms)


Started POST "/post" for 127.0.0.1 at 2018-06-16 12:44:51 +0200
  
LoadError (Unable to autoload constant PostController, expected /Users/Mac/Desktop/socialpage/app/controllers/post_controller.rb to define it):
  
activesupport (5.1.6) lib/active_support/dependencies.rb:512:in `load_missing_constant'
activesupport (5.1.6) lib/active_support/dependencies.rb:202:in `const_missing'
activesupport (5.1.6) lib/active_support/inflector/methods.rb:269:in `const_get'
activesupport (5.1.6) lib/active_support/inflector/methods.rb:269:in `block in constantize'
activesupport (5.1.6) lib/active_support/inflector/methods.rb:267:in `each'
activesupport (5.1.6) lib/active_support/inflector/methods.rb:267:in `inject'
activesupport (5.1.6) lib/active_support/inflector/methods.rb:267:in `constantize'
activesupport (5.1.6) lib/active_support/dependencies.rb:583:in `get'
activesupport (5.1.6) lib/active_support/dependencies.rb:614:in `constantize'
actionpack (5.1.6) lib/action_dispatch/http/request.rb:85:in `controller_class_for'
actionpack (5.1.6) lib/action_dispatch/http/parameters.rb:99:in `binary_params_for?'
actionpack (5.1.6) lib/action_dispatch/http/parameters.rb:90:in `set_binary_encoding'
actionpack (5.1.6) lib/action_dispatch/http/parameters.rb:67:in `path_parameters='
actionpack (5.1.6) lib/action_dispatch/journey/router.rb:48:in `block in serve'
actionpack (5.1.6) lib/action_dispatch/journey/router.rb:33:in `each'
actionpack (5.1.6) lib/action_dispatch/journey/router.rb:33:in `serve'
actionpack (5.1.6) lib/action_dispatch/routing/route_set.rb:844:in `call'
warden (1.2.7) lib/warden/manager.rb:36:in `block in call'
warden (1.2.7) lib/warden/manager.rb:35:in `catch'
warden (1.2.7) lib/warden/manager.rb:35:in `call'
rack (2.0.5) lib/rack/etag.rb:25:in `call'
rack (2.0.5) lib/rack/conditional_get.rb:38:in `call'
rack (2.0.5) lib/rack/head.rb:12:in `call'
rack (2.0.5) lib/rack/session/abstract/id.rb:232:in `context'
rack (2.0.5) lib/rack/session/abstract/id.rb:226:in `call'
actionpack (5.1.6) lib/action_dispatch/middleware/cookies.rb:613:in `call'
activerecord (5.1.6) lib/active_record/migration.rb:556:in `call'
actionpack (5.1.6) lib/action_dispatch/middleware/callbacks.rb:26:in `block in call'
activesupport (5.1.6) lib/active_support/callbacks.rb:97:in `run_callbacks'
actionpack (5.1.6) lib/action_dispatch/middleware/callbacks.rb:24:in `call'
actionpack (5.1.6) lib/action_dispatch/middleware/executor.rb:12:in `call'
actionpack (5.1.6) lib/action_dispatch/middleware/debug_exceptions.rb:59:in `call'
web-console (3.6.2) lib/web_console/middleware.rb:135:in `call_app'
web-console (3.6.2) lib/web_console/middleware.rb:30:in `block in call'
web-console (3.6.2) lib/web_console/middleware.rb:20:in `catch'
web-console (3.6.2) lib/web_console/middleware.rb:20:in `call'
actionpack (5.1.6) lib/action_dispatch/middleware/show_exceptions.rb:31:in `call'
railties (5.1.6) lib/rails/rack/logger.rb:36:in `call_app'
railties (5.1.6) lib/rails/rack/logger.rb:24:in `block in call'
activesupport (5.1.6) lib/active_support/tagged_logging.rb:69:in `block in tagged'
activesupport (5.1.6) lib/active_support/tagged_logging.rb:26:in `tagged'
activesupport (5.1.6) lib/active_support/tagged_logging.rb:69:in `tagged'
railties (5.1.6) lib/rails/rack/logger.rb:24:in `call'
sprockets-rails (3.2.1) lib/sprockets/rails/quiet_assets.rb:13:in `call'
actionpack (5.1.6) lib/action_dispatch/middleware/remote_ip.rb:79:in `call'
actionpack (5.1.6) lib/action_dispatch/middleware/request_id.rb:25:in `call'
rack (2.0.5) lib/rack/method_override.rb:22:in `call'
rack (2.0.5) lib/rack/runtime.rb:22:in `call'
activesupport (5.1.6) lib/active_support/cache/strategy/local_cache_middleware.rb:27:in `call'
actionpack (5.1.6) lib/action_dispatch/middleware/executor.rb:12:in `call'
actionpack (5.1.6) lib/action_dispatch/middleware/static.rb:125:in `call'
rack (2.0.5) lib/rack/sendfile.rb:111:in `call'
railties (5.1.6) lib/rails/engine.rb:522:in `call'
puma (3.11.4) lib/puma/configuration.rb:225:in `call'
puma (3.11.4) lib/puma/server.rb:632:in `handle_request'
puma (3.11.4) lib/puma/server.rb:446:in `process_client'
puma (3.11.4) lib/puma/server.rb:306:in `block in run'
puma (3.11.4) lib/puma/thread_pool.rb:120:in `block in spawn_thread'
Started POST "/post" for 127.0.0.1 at 2018-06-16 12:45:39 +0200
  
ActionController::RoutingError (uninitialized constant PostController):
  
activesupport (5.1.6) lib/active_support/inflector/methods.rb:269:in `const_get'
activesupport (5.1.6) lib/active_support/inflector/methods.rb:269:in `block in constantize'
activesupport (5.1.6) lib/active_support/inflector/methods.rb:267:in `each'
activesupport (5.1.6) lib/active_support/inflector/methods.rb:267:in `inject'
activesupport (5.1.6) lib/active_support/inflector/methods.rb:267:in `constantize'
actionpack (5.1.6) lib/action_dispatch/http/request.rb:85:in `controller_class_for'
actionpack (5.1.6) lib/action_dispatch/http/request.rb:78:in `controller_class'
actionpack (5.1.6) lib/action_dispatch/routing/route_set.rb:43:in `controller'
actionpack (5.1.6) lib/action_dispatch/routing/route_set.rb:29:in `serve'
actionpack (5.1.6) lib/action_dispatch/journey/router.rb:50:in `block in serve'
actionpack (5.1.6) lib/action_dispatch/journey/router.rb:33:in `each'
actionpack (5.1.6) lib/action_dispatch/journey/router.rb:33:in `serve'
actionpack (5.1.6) lib/action_dispatch/routing/route_set.rb:844:in `call'
warden (1.2.7) lib/warden/manager.rb:36:in `block in call'
warden (1.2.7) lib/warden/manager.rb:35:in `catch'
warden (1.2.7) lib/warden/manager.rb:35:in `call'
rack (2.0.5) lib/rack/etag.rb:25:in `call'
rack (2.0.5) lib/rack/conditional_get.rb:38:in `call'
rack (2.0.5) lib/rack/head.rb:12:in `call'
rack (2.0.5) lib/rack/session/abstract/id.rb:232:in `context'
rack (2.0.5) lib/rack/session/abstract/id.rb:226:in `call'
actionpack (5.1.6) lib/action_dispatch/middleware/cookies.rb:613:in `call'
activerecord (5.1.6) lib/active_record/migration.rb:556:in `call'
actionpack (5.1.6) lib/action_dispatch/middleware/callbacks.rb:26:in `block in call'
activesupport (5.1.6) lib/active_support/callbacks.rb:97:in `run_callbacks'
actionpack (5.1.6) lib/action_dispatch/middleware/callbacks.rb:24:in `call'
actionpack (5.1.6) lib/action_dispatch/middleware/executor.rb:12:in `call'
actionpack (5.1.6) lib/action_dispatch/middleware/debug_exceptions.rb:59:in `call'
web-console (3.6.2) lib/web_console/middleware.rb:135:in `call_app'
web-console (3.6.2) lib/web_console/middleware.rb:30:in `block in call'
web-console (3.6.2) lib/web_console/middleware.rb:20:in `catch'
web-console (3.6.2) lib/web_console/middleware.rb:20:in `call'
actionpack (5.1.6) lib/action_dispatch/middleware/show_exceptions.rb:31:in `call'
railties (5.1.6) lib/rails/rack/logger.rb:36:in `call_app'
railties (5.1.6) lib/rails/rack/logger.rb:24:in `block in call'
activesupport (5.1.6) lib/active_support/tagged_logging.rb:69:in `block in tagged'
activesupport (5.1.6) lib/active_support/tagged_logging.rb:26:in `tagged'
activesupport (5.1.6) lib/active_support/tagged_logging.rb:69:in `tagged'
railties (5.1.6) lib/rails/rack/logger.rb:24:in `call'
sprockets-rails (3.2.1) lib/sprockets/rails/quiet_assets.rb:13:in `call'
actionpack (5.1.6) lib/action_dispatch/middleware/remote_ip.rb:79:in `call'
actionpack (5.1.6) lib/action_dispatch/middleware/request_id.rb:25:in `call'
rack (2.0.5) lib/rack/method_override.rb:22:in `call'
rack (2.0.5) lib/rack/runtime.rb:22:in `call'
activesupport (5.1.6) lib/active_support/cache/strategy/local_cache_middleware.rb:27:in `call'
actionpack (5.1.6) lib/action_dispatch/middleware/executor.rb:12:in `call'
actionpack (5.1.6) lib/action_dispatch/middleware/static.rb:125:in `call'
rack (2.0.5) lib/rack/sendfile.rb:111:in `call'
railties (5.1.6) lib/rails/engine.rb:522:in `call'
puma (3.11.4) lib/puma/configuration.rb:225:in `call'
puma (3.11.4) lib/puma/server.rb:632:in `handle_request'
puma (3.11.4) lib/puma/server.rb:446:in `process_client'
puma (3.11.4) lib/puma/server.rb:306:in `block in run'
puma (3.11.4) lib/puma/thread_pool.rb:120:in `block in spawn_thread'
Started POST "/post" for 127.0.0.1 at 2018-06-16 12:48:02 +0200
  
ActionController::RoutingError (uninitialized constant PostController):
  
activesupport (5.1.6) lib/active_support/inflector/methods.rb:269:in `const_get'
activesupport (5.1.6) lib/active_support/inflector/methods.rb:269:in `block in constantize'
activesupport (5.1.6) lib/active_support/inflector/methods.rb:267:in `each'
activesupport (5.1.6) lib/active_support/inflector/methods.rb:267:in `inject'
activesupport (5.1.6) lib/active_support/inflector/methods.rb:267:in `constantize'
actionpack (5.1.6) lib/action_dispatch/http/request.rb:85:in `controller_class_for'
actionpack (5.1.6) lib/action_dispatch/http/request.rb:78:in `controller_class'
actionpack (5.1.6) lib/action_dispatch/routing/route_set.rb:43:in `controller'
actionpack (5.1.6) lib/action_dispatch/routing/route_set.rb:29:in `serve'
actionpack (5.1.6) lib/action_dispatch/journey/router.rb:50:in `block in serve'
actionpack (5.1.6) lib/action_dispatch/journey/router.rb:33:in `each'
actionpack (5.1.6) lib/action_dispatch/journey/router.rb:33:in `serve'
actionpack (5.1.6) lib/action_dispatch/routing/route_set.rb:844:in `call'
warden (1.2.7) lib/warden/manager.rb:36:in `block in call'
warden (1.2.7) lib/warden/manager.rb:35:in `catch'
warden (1.2.7) lib/warden/manager.rb:35:in `call'
rack (2.0.5) lib/rack/etag.rb:25:in `call'
rack (2.0.5) lib/rack/conditional_get.rb:38:in `call'
rack (2.0.5) lib/rack/head.rb:12:in `call'
rack (2.0.5) lib/rack/session/abstract/id.rb:232:in `context'
rack (2.0.5) lib/rack/session/abstract/id.rb:226:in `call'
actionpack (5.1.6) lib/action_dispatch/middleware/cookies.rb:613:in `call'
activerecord (5.1.6) lib/active_record/migration.rb:556:in `call'
actionpack (5.1.6) lib/action_dispatch/middleware/callbacks.rb:26:in `block in call'
activesupport (5.1.6) lib/active_support/callbacks.rb:97:in `run_callbacks'
actionpack (5.1.6) lib/action_dispatch/middleware/callbacks.rb:24:in `call'
actionpack (5.1.6) lib/action_dispatch/middleware/executor.rb:12:in `call'
actionpack (5.1.6) lib/action_dispatch/middleware/debug_exceptions.rb:59:in `call'
web-console (3.6.2) lib/web_console/middleware.rb:135:in `call_app'
web-console (3.6.2) lib/web_console/middleware.rb:30:in `block in call'
web-console (3.6.2) lib/web_console/middleware.rb:20:in `catch'
web-console (3.6.2) lib/web_console/middleware.rb:20:in `call'
actionpack (5.1.6) lib/action_dispatch/middleware/show_exceptions.rb:31:in `call'
railties (5.1.6) lib/rails/rack/logger.rb:36:in `call_app'
railties (5.1.6) lib/rails/rack/logger.rb:24:in `block in call'
activesupport (5.1.6) lib/active_support/tagged_logging.rb:69:in `block in tagged'
activesupport (5.1.6) lib/active_support/tagged_logging.rb:26:in `tagged'
activesupport (5.1.6) lib/active_support/tagged_logging.rb:69:in `tagged'
railties (5.1.6) lib/rails/rack/logger.rb:24:in `call'
sprockets-rails (3.2.1) lib/sprockets/rails/quiet_assets.rb:13:in `call'
actionpack (5.1.6) lib/action_dispatch/middleware/remote_ip.rb:79:in `call'
actionpack (5.1.6) lib/action_dispatch/middleware/request_id.rb:25:in `call'
rack (2.0.5) lib/rack/method_override.rb:22:in `call'
rack (2.0.5) lib/rack/runtime.rb:22:in `call'
activesupport (5.1.6) lib/active_support/cache/strategy/local_cache_middleware.rb:27:in `call'
actionpack (5.1.6) lib/action_dispatch/middleware/executor.rb:12:in `call'
actionpack (5.1.6) lib/action_dispatch/middleware/static.rb:125:in `call'
rack (2.0.5) lib/rack/sendfile.rb:111:in `call'
railties (5.1.6) lib/rails/engine.rb:522:in `call'
puma (3.11.4) lib/puma/configuration.rb:225:in `call'
puma (3.11.4) lib/puma/server.rb:632:in `handle_request'
puma (3.11.4) lib/puma/server.rb:446:in `process_client'
puma (3.11.4) lib/puma/server.rb:306:in `block in run'
puma (3.11.4) lib/puma/thread_pool.rb:120:in `block in spawn_thread'
Started GET "/" for 127.0.0.1 at 2018-06-16 12:48:07 +0200
Processing by HomeController#index as HTML
  Rendering home/index.html.erb within layouts/application
  Rendered posts/_post.erb (1.2ms)
  Rendered home/index.html.erb within layouts/application (4.5ms)
Completed 200 OK in 138ms (Views: 134.6ms)


Started POST "/post" for 127.0.0.1 at 2018-06-16 12:48:10 +0200
  
ActionController::RoutingError (uninitialized constant PostController):
  
activesupport (5.1.6) lib/active_support/inflector/methods.rb:269:in `const_get'
activesupport (5.1.6) lib/active_support/inflector/methods.rb:269:in `block in constantize'
activesupport (5.1.6) lib/active_support/inflector/methods.rb:267:in `each'
activesupport (5.1.6) lib/active_support/inflector/methods.rb:267:in `inject'
activesupport (5.1.6) lib/active_support/inflector/methods.rb:267:in `constantize'
actionpack (5.1.6) lib/action_dispatch/http/request.rb:85:in `controller_class_for'
actionpack (5.1.6) lib/action_dispatch/http/request.rb:78:in `controller_class'
actionpack (5.1.6) lib/action_dispatch/routing/route_set.rb:43:in `controller'
actionpack (5.1.6) lib/action_dispatch/routing/route_set.rb:29:in `serve'
actionpack (5.1.6) lib/action_dispatch/journey/router.rb:50:in `block in serve'
actionpack (5.1.6) lib/action_dispatch/journey/router.rb:33:in `each'
actionpack (5.1.6) lib/action_dispatch/journey/router.rb:33:in `serve'
actionpack (5.1.6) lib/action_dispatch/routing/route_set.rb:844:in `call'
warden (1.2.7) lib/warden/manager.rb:36:in `block in call'
warden (1.2.7) lib/warden/manager.rb:35:in `catch'
warden (1.2.7) lib/warden/manager.rb:35:in `call'
rack (2.0.5) lib/rack/etag.rb:25:in `call'
rack (2.0.5) lib/rack/conditional_get.rb:38:in `call'
rack (2.0.5) lib/rack/head.rb:12:in `call'
rack (2.0.5) lib/rack/session/abstract/id.rb:232:in `context'
rack (2.0.5) lib/rack/session/abstract/id.rb:226:in `call'
actionpack (5.1.6) lib/action_dispatch/middleware/cookies.rb:613:in `call'
activerecord (5.1.6) lib/active_record/migration.rb:556:in `call'
actionpack (5.1.6) lib/action_dispatch/middleware/callbacks.rb:26:in `block in call'
activesupport (5.1.6) lib/active_support/callbacks.rb:97:in `run_callbacks'
actionpack (5.1.6) lib/action_dispatch/middleware/callbacks.rb:24:in `call'
actionpack (5.1.6) lib/action_dispatch/middleware/executor.rb:12:in `call'
actionpack (5.1.6) lib/action_dispatch/middleware/debug_exceptions.rb:59:in `call'
web-console (3.6.2) lib/web_console/middleware.rb:135:in `call_app'
web-console (3.6.2) lib/web_console/middleware.rb:30:in `block in call'
web-console (3.6.2) lib/web_console/middleware.rb:20:in `catch'
web-console (3.6.2) lib/web_console/middleware.rb:20:in `call'
actionpack (5.1.6) lib/action_dispatch/middleware/show_exceptions.rb:31:in `call'
railties (5.1.6) lib/rails/rack/logger.rb:36:in `call_app'
railties (5.1.6) lib/rails/rack/logger.rb:24:in `block in call'
activesupport (5.1.6) lib/active_support/tagged_logging.rb:69:in `block in tagged'
activesupport (5.1.6) lib/active_support/tagged_logging.rb:26:in `tagged'
activesupport (5.1.6) lib/active_support/tagged_logging.rb:69:in `tagged'
railties (5.1.6) lib/rails/rack/logger.rb:24:in `call'
sprockets-rails (3.2.1) lib/sprockets/rails/quiet_assets.rb:13:in `call'
actionpack (5.1.6) lib/action_dispatch/middleware/remote_ip.rb:79:in `call'
actionpack (5.1.6) lib/action_dispatch/middleware/request_id.rb:25:in `call'
rack (2.0.5) lib/rack/method_override.rb:22:in `call'
rack (2.0.5) lib/rack/runtime.rb:22:in `call'
activesupport (5.1.6) lib/active_support/cache/strategy/local_cache_middleware.rb:27:in `call'
actionpack (5.1.6) lib/action_dispatch/middleware/executor.rb:12:in `call'
actionpack (5.1.6) lib/action_dispatch/middleware/static.rb:125:in `call'
rack (2.0.5) lib/rack/sendfile.rb:111:in `call'
railties (5.1.6) lib/rails/engine.rb:522:in `call'
puma (3.11.4) lib/puma/configuration.rb:225:in `call'
puma (3.11.4) lib/puma/server.rb:632:in `handle_request'
puma (3.11.4) lib/puma/server.rb:446:in `process_client'
puma (3.11.4) lib/puma/server.rb:306:in `block in run'
puma (3.11.4) lib/puma/thread_pool.rb:120:in `block in spawn_thread'
Started POST "/post" for 127.0.0.1 at 2018-06-16 12:49:53 +0200
Processing by PostController#create as HTML
  Parameters: {"utf8"=>"✓", "authenticity_token"=>"wkpN97PghL9X9EzKaCH/e0O2VoMs/6k/kyZmY2eq1O4lB3gU/mVuchdDJZD8d34F1b630fENBMiL+KM3gPq6xA==", "description"=>"", "commit"=>"invio"}
No template found for PostController#create, rendering head :no_content
Completed 204 No Content in 252ms


Started GET "/" for 127.0.0.1 at 2018-06-16 12:49:59 +0200
Processing by HomeController#index as HTML
  Rendering home/index.html.erb within layouts/application
  Rendered post/_post.erb (2.4ms)
  Rendered home/index.html.erb within layouts/application (6.7ms)
Completed 200 OK in 161ms (Views: 146.7ms)


Started POST "/post" for 127.0.0.1 at 2018-06-16 12:50:02 +0200
Processing by PostController#create as HTML
  Parameters: {"utf8"=>"✓", "authenticity_token"=>"VNwTNmhcGscc79VfuMyKvTs8G5wQSCkSzVaWFXxJ4xKzkSbVJdnwClxYvAUsmgvDrTT6zs26hOXViFNBmxmNOA==", "description"=>"aaa", "commit"=>"invio"}
No template found for PostController#create, rendering head :no_content
Completed 204 No Content in 228ms


Started GET "/" for 127.0.0.1 at 2018-06-16 12:50:06 +0200
Processing by HomeController#index as HTML
  Rendering home/index.html.erb within layouts/application
  Rendered post/_post.erb (1.0ms)
  Rendered home/index.html.erb within layouts/application (3.6ms)
Completed 200 OK in 41ms (Views: 35.5ms)


Started POST "/post" for 127.0.0.1 at 2018-06-16 12:50:13 +0200
Processing by PostController#create as HTML
  Parameters: {"utf8"=>"✓", "authenticity_token"=>"avqYsQmgo/t2ti+wQns6/lHB60BPV4/K3nrxSJDJGEaNt61SRCVJNjYBRurWLbuAx8kKEpKlIj3GpDQcd5l2bA==", "description"=>"a", "commit"=>"invio"}
No template found for PostController#create, rendering head :no_content
Completed 204 No Content in 220ms


Started GET "/users/new" for 127.0.0.1 at 2018-06-16 12:50:58 +0200
  
ActionController::RoutingError (No route matches [GET] "/users/new"):
  
actionpack (5.1.6) lib/action_dispatch/middleware/debug_exceptions.rb:63:in `call'
web-console (3.6.2) lib/web_console/middleware.rb:135:in `call_app'
web-console (3.6.2) lib/web_console/middleware.rb:30:in `block in call'
web-console (3.6.2) lib/web_console/middleware.rb:20:in `catch'
web-console (3.6.2) lib/web_console/middleware.rb:20:in `call'
actionpack (5.1.6) lib/action_dispatch/middleware/show_exceptions.rb:31:in `call'
railties (5.1.6) lib/rails/rack/logger.rb:36:in `call_app'
railties (5.1.6) lib/rails/rack/logger.rb:24:in `block in call'
activesupport (5.1.6) lib/active_support/tagged_logging.rb:69:in `block in tagged'
activesupport (5.1.6) lib/active_support/tagged_logging.rb:26:in `tagged'
activesupport (5.1.6) lib/active_support/tagged_logging.rb:69:in `tagged'
railties (5.1.6) lib/rails/rack/logger.rb:24:in `call'
sprockets-rails (3.2.1) lib/sprockets/rails/quiet_assets.rb:13:in `call'
actionpack (5.1.6) lib/action_dispatch/middleware/remote_ip.rb:79:in `call'
actionpack (5.1.6) lib/action_dispatch/middleware/request_id.rb:25:in `call'
rack (2.0.5) lib/rack/method_override.rb:22:in `call'
rack (2.0.5) lib/rack/runtime.rb:22:in `call'
activesupport (5.1.6) lib/active_support/cache/strategy/local_cache_middleware.rb:27:in `call'
actionpack (5.1.6) lib/action_dispatch/middleware/executor.rb:12:in `call'
actionpack (5.1.6) lib/action_dispatch/middleware/static.rb:125:in `call'
rack (2.0.5) lib/rack/sendfile.rb:111:in `call'
railties (5.1.6) lib/rails/engine.rb:522:in `call'
puma (3.11.4) lib/puma/configuration.rb:225:in `call'
puma (3.11.4) lib/puma/server.rb:632:in `handle_request'
puma (3.11.4) lib/puma/server.rb:446:in `process_client'
puma (3.11.4) lib/puma/server.rb:306:in `block in run'
puma (3.11.4) lib/puma/thread_pool.rb:120:in `block in spawn_thread'
Started GET "/users/sign_up" for 127.0.0.1 at 2018-06-16 12:51:20 +0200
Processing by Devise::RegistrationsController#new as HTML
  Rendering devise/registrations/new.html.erb within layouts/application
  Rendered devise/shared/_links.html.erb (2.1ms)
  Rendered devise/registrations/new.html.erb within layouts/application (11.3ms)
Completed 200 OK in 219ms (Views: 159.2ms | ActiveRecord: 1.8ms)


Started POST "/users" for 127.0.0.1 at 2018-06-16 12:51:39 +0200
Processing by Devise::RegistrationsController#create as HTML
  Parameters: {"utf8"=>"✓", "authenticity_token"=>"JTNKYQ3EmwKYNhUyVSR8j7tLTYdb0GcywCV3Mr6OyJPCfn+CQEFxz9iBfGjBcv3xLUOs1YYiysXY+7JmWd6muQ==", "user"=>{"email"=>"gbattaglia46@gmail.com", "password"=>"[FILTERED]", "password_confirmation"=>"[FILTERED]"}, "commit"=>"Sign up"}
  [1m[35m (0.1ms)[0m  [1m[36mbegin transaction[0m
  [1m[36mUser Exists (20.7ms)[0m  [1m[34mSELECT  1 AS one FROM "users" WHERE "users"."email" = ? LIMIT ?[0m  [["email", "gbattaglia46@gmail.com"], ["LIMIT", 1]]
  [1m[35mSQL (8.4ms)[0m  [1m[32mINSERT INTO "users" ("email", "encrypted_password", "created_at", "updated_at") VALUES (?, ?, ?, ?)[0m  [["email", "gbattaglia46@gmail.com"], ["encrypted_password", "$2a$11$8hS0uaDS1z7RqkxmBAjToOfiX9qPKU8FDAyJEcFN8iQm41nqq67O6"], ["created_at", "2018-06-16 10:51:39.670134"], ["updated_at", "2018-06-16 10:51:39.670134"]]
  [1m[35m (1.2ms)[0m  [1m[36mcommit transaction[0m
  [1m[35m (0.1ms)[0m  [1m[36mbegin transaction[0m
  [1m[35mSQL (0.7ms)[0m  [1m[33mUPDATE "users" SET "sign_in_count" = ?, "current_sign_in_at" = ?, "last_sign_in_at" = ?, "current_sign_in_ip" = ?, "last_sign_in_ip" = ?, "updated_at" = ? WHERE "users"."id" = ?[0m  [["sign_in_count", 1], ["current_sign_in_at", "2018-06-16 10:51:39.683727"], ["last_sign_in_at", "2018-06-16 10:51:39.683727"], ["current_sign_in_ip", "127.0.0.1"], ["last_sign_in_ip", "127.0.0.1"], ["updated_at", "2018-06-16 10:51:39.684413"], ["id", 1]]
  [1m[35m (1.4ms)[0m  [1m[36mcommit transaction[0m
Redirected to http://localhost:3000/
Completed 302 Found in 382ms (ActiveRecord: 32.6ms)


Started GET "/" for 127.0.0.1 at 2018-06-16 12:51:39 +0200
Processing by HomeController#index as HTML
  Rendering home/index.html.erb within layouts/application
  Rendered post/_post.erb (1.2ms)
  Rendered home/index.html.erb within layouts/application (5.0ms)
Completed 200 OK in 49ms (Views: 43.5ms | ActiveRecord: 0.0ms)


  [1m[36mUser Load (2.3ms)[0m  [1m[34mSELECT  "users".* FROM "users" LIMIT ?[0m  [["LIMIT", 11]]
Started GET "/" for 127.0.0.1 at 2018-06-16 12:53:08 +0200
Processing by HomeController#index as HTML
  Rendering home/index.html.erb within layouts/application
  [1m[36mUser Load (0.3ms)[0m  [1m[34mSELECT  "users".* FROM "users" WHERE "users"."id" = ? ORDER BY "users"."id" ASC LIMIT ?[0m  [["id", 1], ["LIMIT", 1]]
  Rendered post/_post.erb (184.8ms)
  Rendered home/index.html.erb within layouts/application (189.2ms)
Completed 500 Internal Server Error in 226ms (ActiveRecord: 0.3ms)


  
ActionView::Template::Error (undefined method `hiden_field_tag' for #<#<Class:0x007fcb37c401a8>:0x007fcb344011c0>
Did you mean?  hidden_field_tag
               hidden_field
               time_field_tag
               phone_field_tag):
    1: <%= form_tag post_index_path do %>
    2:   <%= hiden_field_tag user_id: current_user.id %>
    3:   <%= text_field_tag :description %>
    4:   <%= submit_tag "invio" %>
    5: <% end %>
  
app/views/post/_post.erb:2:in `block in _app_views_post__post_erb___2093279324416745391_70255395898920'
app/views/post/_post.erb:1:in `_app_views_post__post_erb___2093279324416745391_70255395898920'
app/views/home/index.html.erb:1:in `_app_views_home_index_html_erb___238061415732654493_70255365855440'
Started GET "/" for 127.0.0.1 at 2018-06-16 12:53:21 +0200
Processing by HomeController#index as HTML
  Rendering home/index.html.erb within layouts/application
  [1m[36mUser Load (0.4ms)[0m  [1m[34mSELECT  "users".* FROM "users" WHERE "users"."id" = ? ORDER BY "users"."id" ASC LIMIT ?[0m  [["id", 1], ["LIMIT", 1]]
  Rendered post/_post.erb (4.5ms)
  Rendered home/index.html.erb within layouts/application (8.0ms)
Completed 200 OK in 262ms (Views: 258.4ms | ActiveRecord: 0.4ms)


Started POST "/post" for 127.0.0.1 at 2018-06-16 12:53:24 +0200
Processing by PostController#create as HTML
  Parameters: {"utf8"=>"✓", "authenticity_token"=>"nqY5wJJqULxlFM8llIJHj13xRIvbggZK1V4j1uu8C9N56wwj3++6cSWjpn8A1Mbxy/ml2QZwq73NgOaCDOxl+Q==", "{:user_id=>1}"=>"", "description"=>"a", "commit"=>"invio"}
No template found for PostController#create, rendering head :no_content
Completed 204 No Content in 235ms (ActiveRecord: 0.0ms)


Started GET "/" for 127.0.0.1 at 2018-06-16 12:54:02 +0200
Processing by HomeController#index as HTML
  Rendering home/index.html.erb within layouts/application
  Rendered post/_post.erb (0.8ms)
  Rendered home/index.html.erb within layouts/application (3.4ms)
Completed 200 OK in 45ms (Views: 39.4ms | ActiveRecord: 0.0ms)


Started POST "/post" for 127.0.0.1 at 2018-06-16 12:54:06 +0200
Processing by PostController#create as HTML
  Parameters: {"utf8"=>"✓", "authenticity_token"=>"msgybAK0xNeZ88vnBaz51GXJXdqe45GJpCiYHN0srcV9hQePTzEuGtlEor2R+niq88G8iEMRPH689l1IOnzD7w==", "description"=>"fff", "commit"=>"invio"}
No template found for PostController#create, rendering head :no_content
Completed 204 No Content in 230ms (ActiveRecord: 0.0ms)


Started GET "/" for 127.0.0.1 at 2018-06-16 12:54:35 +0200
Processing by HomeController#index as HTML
  Rendering home/index.html.erb within layouts/application
  Rendered post/_post.erb (1.2ms)
  Rendered home/index.html.erb within layouts/application (3.9ms)
Completed 200 OK in 81ms (Views: 77.1ms | ActiveRecord: 0.0ms)


Started POST "/post" for 127.0.0.1 at 2018-06-16 12:54:41 +0200
Processing by PostController#create as HTML
  Parameters: {"utf8"=>"✓", "authenticity_token"=>"Ys9fjjIG42/hQzMD+UGRvFC3gsFABniECJWRiaCcl2yFgmptf4MJoqH0WlltFxDCxr9jk5301XMQS1TdR8z5Rg==", "user_id"=>"", "description"=>"ciao", "commit"=>"invio"}
No template found for PostController#create, rendering head :no_content
Completed 204 No Content in 258ms (ActiveRecord: 0.0ms)


Started GET "/" for 127.0.0.1 at 2018-06-16 12:55:04 +0200
Processing by HomeController#index as HTML
  Rendering home/index.html.erb within layouts/application
  [1m[36mUser Load (0.2ms)[0m  [1m[34mSELECT  "users".* FROM "users" WHERE "users"."id" = ? ORDER BY "users"."id" ASC LIMIT ?[0m  [["id", 1], ["LIMIT", 1]]
  Rendered post/_post.erb (2.4ms)
  Rendered home/index.html.erb within layouts/application (5.0ms)
Completed 200 OK in 41ms (Views: 34.8ms | ActiveRecord: 0.2ms)


Started POST "/post" for 127.0.0.1 at 2018-06-16 12:55:10 +0200
Processing by PostController#create as HTML
  Parameters: {"utf8"=>"✓", "authenticity_token"=>"UbXIRD2yUM3vk+jml0FFjTrowQ1qJRAP1IQJ/MYTTUG2+P2ncDe6AK8kgbwDF8TzrOAgX7fXvfjMWsyoIUMjaw==", "{:user_id=>1}"=>"", "description"=>"prova", "commit"=>"invio"}
No template found for PostController#create, rendering head :no_content
Completed 204 No Content in 234ms (ActiveRecord: 0.0ms)


Started GET "/" for 127.0.0.1 at 2018-06-16 12:55:34 +0200
Processing by HomeController#index as HTML
  Rendering home/index.html.erb within layouts/application
  [1m[36mUser Load (0.3ms)[0m  [1m[34mSELECT  "users".* FROM "users" WHERE "users"."id" = ? ORDER BY "users"."id" ASC LIMIT ?[0m  [["id", 1], ["LIMIT", 1]]
  Rendered post/_post.erb (3.0ms)
  Rendered home/index.html.erb within layouts/application (6.1ms)
Completed 200 OK in 46ms (Views: 40.3ms | ActiveRecord: 0.3ms)


Started POST "/post" for 127.0.0.1 at 2018-06-16 12:55:36 +0200
Processing by PostController#create as HTML
  Parameters: {"utf8"=>"✓", "authenticity_token"=>"SlfWdLMNhcpUPkk53/4Kedb6PbmXN7Stnjc7ciN07ZetGuOX/ohvBxSJIGNLqIsHQPLc60rFGVqG6f4mxCSDvQ==", "{:user_id=>#<User id: 1, email: \"gbattaglia46@gmail.com\", created_at: \"2018-06-16 10:51:39\", updated_at: \"2018-06-16 10:51:39\">}"=>"", "description"=>"prova2", "commit"=>"invio"}
No template found for PostController#create, rendering head :no_content
Completed 204 No Content in 245ms (ActiveRecord: 0.0ms)


  [1m[35m (0.1ms)[0m  [1m[36mbegin transaction[0m
  [1m[35mSQL (34.7ms)[0m  [1m[32mINSERT INTO "posts" ("user_id", "description", "created_at", "updated_at") VALUES (?, ?, ?, ?)[0m  [["user_id", 1], ["description", "ciao"], ["created_at", "2018-06-16 10:57:06.018768"], ["updated_at", "2018-06-16 10:57:06.018768"]]
  [1m[35m (1.4ms)[0m  [1m[36mcommit transaction[0m
  [1m[36mUser Load (0.4ms)[0m  [1m[34mSELECT  "users".* FROM "users" ORDER BY "users"."id" DESC LIMIT ?[0m  [["LIMIT", 1]]
  [1m[36mPost Load (0.3ms)[0m  [1m[34mSELECT  "posts".* FROM "posts" WHERE "posts"."user_id" = ? LIMIT ?[0m  [["user_id", 1], ["LIMIT", 11]]
Started GET "/" for 127.0.0.1 at 2018-06-16 13:01:30 +0200
Processing by HomeController#index as HTML
  Rendering home/index.html.erb within layouts/application
  [1m[36mUser Load (0.3ms)[0m  [1m[34mSELECT  "users".* FROM "users" WHERE "users"."id" = ? ORDER BY "users"."id" ASC LIMIT ?[0m  [["id", 1], ["LIMIT", 1]]
  Rendered post/_post.erb (22.6ms)
  Rendered home/index.html.erb within layouts/application (26.1ms)
Completed 200 OK in 173ms (Views: 169.6ms | ActiveRecord: 1.3ms)


Started POST "/post" for 127.0.0.1 at 2018-06-16 13:01:41 +0200
Processing by PostController#create as HTML
  Parameters: {"utf8"=>"✓", "authenticity_token"=>"zJBihhbYBktxwC311kIAzLLZoaHo5YS6VnUr8pFIO/Yr3VdlW13shjF3RK9CFIGyJNFA8zUXKU1Oq+6mdhhV3A==", "{:user=>#<User id: 1, email: \"gbattaglia46@gmail.com\", created_at: \"2018-06-16 10:51:39\", updated_at: \"2018-06-16 10:51:39\">}"=>"", "description"=>"il mipo primo post", "commit"=>"invio"}
Completed 500 Internal Server Error in 52ms (ActiveRecord: 0.0ms)


  
NoMethodError (undefined method `id' for nil:NilClass):
  
app/controllers/post_controller.rb:11:in `create'
Started GET "/" for 127.0.0.1 at 2018-06-16 13:02:38 +0200
Processing by HomeController#index as HTML
  Rendering home/index.html.erb within layouts/application
  [1m[36mUser Load (0.3ms)[0m  [1m[34mSELECT  "users".* FROM "users" WHERE "users"."id" = ? ORDER BY "users"."id" ASC LIMIT ?[0m  [["id", 1], ["LIMIT", 1]]
  Rendered post/_post.erb (28.7ms)
  Rendered home/index.html.erb within layouts/application (32.2ms)
Completed 200 OK in 106ms (Views: 102.2ms | ActiveRecord: 1.4ms)


Started GET "/" for 127.0.0.1 at 2018-06-16 13:02:41 +0200
Processing by HomeController#index as HTML
  Rendering home/index.html.erb within layouts/application
  [1m[36mUser Load (0.3ms)[0m  [1m[34mSELECT  "users".* FROM "users" WHERE "users"."id" = ? ORDER BY "users"."id" ASC LIMIT ?[0m  [["id", 1], ["LIMIT", 1]]
  Rendered post/_post.erb (3.0ms)
  Rendered home/index.html.erb within layouts/application (5.8ms)
Completed 200 OK in 49ms (Views: 44.6ms | ActiveRecord: 0.3ms)


Started POST "/post" for 127.0.0.1 at 2018-06-16 13:02:51 +0200
Processing by PostController#create as HTML
  Parameters: {"utf8"=>"✓", "authenticity_token"=>"l/XdLtA+YZWYHt4sZtI26yCNU9kllN1ixnKkfDVbKklwuOjNnbuLWNipt3byhLeVtoWyi/hmcJXerGEo0gtEYw==", "{:user=>#<User id: 1, email: \"gbattaglia46@gmail.com\", created_at: \"2018-06-16 10:51:39\", updated_at: \"2018-06-16 10:51:39\">}"=>"", "description"=>"il mipo primo post", "commit"=>"invio"}

Completed 500 Internal Server Error in 76107ms (ActiveRecord: 0.0ms)


  
NoMethodError (undefined method `id' for nil:NilClass):
  
app/controllers/post_controller.rb:13:in `create'
Started GET "/" for 127.0.0.1 at 2018-06-16 13:04:37 +0200
Processing by HomeController#index as HTML
  Rendering home/index.html.erb within layouts/application
  [1m[36mUser Load (0.3ms)[0m  [1m[34mSELECT  "users".* FROM "users" WHERE "users"."id" = ? ORDER BY "users"."id" ASC LIMIT ?[0m  [["id", 1], ["LIMIT", 1]]
  Rendered post/_post.erb (3.9ms)
  Rendered home/index.html.erb within layouts/application (7.6ms)
Completed 200 OK in 209ms (Views: 205.8ms | ActiveRecord: 0.3ms)


Started POST "/post" for 127.0.0.1 at 2018-06-16 13:04:42 +0200
Processing by PostController#create as HTML
  Parameters: {"utf8"=>"✓", "authenticity_token"=>"r1KftD8KmM1hiyexr4uYczXr/+YzRBD7/lEm0RVxUeNIH6pXco9yACE8Tus73RkNo+MetO62vQzmj+OF8iE/yQ==", "{:user=>1}"=>"", "description"=>"prova", "commit"=>"invio"}

Completed 500 Internal Server Error in 33000ms (ActiveRecord: 0.0ms)


  
NoMethodError (undefined method `id' for nil:NilClass):
  
app/controllers/post_controller.rb:13:in `create'
Started GET "/" for 127.0.0.1 at 2018-06-16 13:05:21 +0200
Processing by HomeController#index as HTML
  Rendering home/index.html.erb within layouts/application
  Rendered post/_post.erb (1.1ms)
  Rendered home/index.html.erb within layouts/application (4.4ms)
Completed 200 OK in 76ms (Views: 72.3ms | ActiveRecord: 0.0ms)


Started POST "/post" for 127.0.0.1 at 2018-06-16 13:05:25 +0200
Processing by PostController#create as HTML
  Parameters: {"utf8"=>"✓", "authenticity_token"=>"XjxvhxsrRuQsLinV0oljoW/RBP+rV4jvNDhrN/iajYy5cVpkVq6sKWyZQI9G3+Lf+dnlrXalJRgs5q5jH8rjpg==", "user"=>"", "description"=>"a", "commit"=>"invio"}

Completed 500 Internal Server Error in 108224ms (ActiveRecord: 0.0ms)


  
NoMethodError (undefined method `id' for "":String):
  
app/controllers/post_controller.rb:13:in `create'
Started GET "/" for 127.0.0.1 at 2018-06-16 13:07:17 +0200
Processing by HomeController#index as HTML
  Rendering home/index.html.erb within layouts/application
  Rendered post/_post.erb (2.0ms)
  Rendered home/index.html.erb within layouts/application (13.0ms)
Completed 200 OK in 193ms (Views: 189.1ms)


Started POST "/post" for 127.0.0.1 at 2018-06-16 13:07:25 +0200
Processing by PostController#create as HTML
  Parameters: {"utf8"=>"✓", "authenticity_token"=>"zxlPpVcEaIpvX3EvGPS1BXvR5iSethr5DwtnW82I/rooVHpGGoGCRy/oGHWMojR77dkHdkNEtw4X1aIPKtiQkA==", "description"=>"post funziona", "commit"=>"invio"}
Completed 500 Internal Server Error in 273ms


  
NameError (undefined local variable or method `user' for #<PostController:0x007fcb37859328>):
  
app/controllers/post_controller.rb:10:in `create'
Started GET "/" for 127.0.0.1 at 2018-06-16 13:07:43 +0200
Processing by HomeController#index as HTML
  Rendering home/index.html.erb within layouts/application
  Rendered post/_post.erb (1.7ms)
  Rendered home/index.html.erb within layouts/application (12.6ms)
Completed 200 OK in 95ms (Views: 90.9ms)


Started POST "/post" for 127.0.0.1 at 2018-06-16 13:07:47 +0200
Processing by PostController#create as HTML
  Parameters: {"utf8"=>"✓", "authenticity_token"=>"obf5E55Ro98MgezBxQIwEQqtgZsRHb/9rtaaRwDhYXJG+szw09RJEkw2hZtRVLFvnKVgyczvEgq2CF8T57EPWA==", "description"=>"post funziona", "commit"=>"invio"}
  [1m[36mUser Load (0.2ms)[0m  [1m[34mSELECT  "users".* FROM "users" WHERE "users"."id" = ? ORDER BY "users"."id" ASC LIMIT ?[0m  [["id", 1], ["LIMIT", 1]]
  [1m[35m (0.1ms)[0m  [1m[36mbegin transaction[0m
  [1m[35mSQL (0.7ms)[0m  [1m[32mINSERT INTO "posts" ("user_id", "description", "created_at", "updated_at") VALUES (?, ?, ?, ?)[0m  [["user_id", 1], ["description", "post funziona"], ["created_at", "2018-06-16 11:07:48.000842"], ["updated_at", "2018-06-16 11:07:48.000842"]]
  [1m[35m (1.6ms)[0m  [1m[36mcommit transaction[0m
Redirected to http://localhost:3000/
Completed 302 Found in 90ms (ActiveRecord: 5.3ms)


Started GET "/" for 127.0.0.1 at 2018-06-16 13:07:48 +0200
Processing by HomeController#index as HTML
  Rendering home/index.html.erb within layouts/application
  Rendered post/_post.erb (1.1ms)
  Rendered home/index.html.erb within layouts/application (4.2ms)
Completed 200 OK in 44ms (Views: 39.1ms | ActiveRecord: 0.0ms)


  [1m[36mPost Load (47.1ms)[0m  [1m[34mSELECT  "posts".* FROM "posts" WHERE "posts"."user_id" = ? LIMIT ?[0m  [["user_id", 1], ["LIMIT", 11]]
Started GET "/" for 127.0.0.1 at 2018-06-16 13:49:04 +0200
  [1m[35m (16.8ms)[0m  [1m[34mSELECT "schema_migrations"."version" FROM "schema_migrations" ORDER BY "schema_migrations"."version" ASC[0m
Processing by HomeController#index as HTML
  Rendering home/index.html.erb within layouts/application
  Rendered post/_post.erb (2.5ms)
  Rendered home/index.html.erb within layouts/application (50.1ms)
Completed 200 OK in 15849ms (Views: 15834.2ms | ActiveRecord: 0.0ms)


Started GET "/" for 127.0.0.1 at 2018-06-16 13:57:59 +0200
Processing by HomeController#index as HTML
  Rendering home/index.html.erb within layouts/application
  Rendered post/_post.erb (5.8ms)
  Rendered home/index.html.erb within layouts/application (13.5ms)
  Rendered layouts/_menu.erb (1.2ms)
Completed 200 OK in 362ms (Views: 345.5ms | ActiveRecord: 0.0ms)


Started GET "/" for 127.0.0.1 at 2018-06-16 14:04:58 +0200
Processing by HomeController#index as HTML
  Rendering home/index.html.erb within layouts/application
  Rendered post/_post.erb (1.1ms)
  Rendered home/index.html.erb within layouts/application (4.4ms)
  Rendered layouts/_menu.erb (0.6ms)
Completed 200 OK in 218ms (Views: 213.8ms | ActiveRecord: 0.0ms)


Started GET "/" for 127.0.0.1 at 2018-06-16 14:06:17 +0200
Processing by HomeController#index as HTML
  Rendering home/index.html.erb within layouts/application
  Rendered post/_post.erb (1.0ms)
  Rendered home/index.html.erb within layouts/application (3.7ms)
  Rendered layouts/_menu.erb (0.5ms)
Completed 200 OK in 54ms (Views: 49.4ms | ActiveRecord: 0.0ms)


Started GET "/" for 127.0.0.1 at 2018-06-16 14:06:55 +0200
Processing by HomeController#index as HTML
  Rendering home/index.html.erb within layouts/application
  Rendered post/_post.erb (1.3ms)
  Rendered home/index.html.erb within layouts/application (4.2ms)
  Rendered layouts/_menu.erb (0.8ms)
Completed 200 OK in 53ms (Views: 48.3ms | ActiveRecord: 0.0ms)


Started GET "/" for 127.0.0.1 at 2018-06-16 14:08:10 +0200
Processing by HomeController#index as HTML
  Rendering home/index.html.erb within layouts/application
  Rendered post/_post.erb (1.1ms)
  Rendered home/index.html.erb within layouts/application (3.9ms)
  Rendered layouts/_menu.erb (0.6ms)
Completed 200 OK in 120ms (Views: 115.9ms | ActiveRecord: 0.0ms)


Started GET "/" for 127.0.0.1 at 2018-06-16 14:08:22 +0200
Processing by HomeController#index as HTML
  Rendering home/index.html.erb within layouts/application
  Rendered post/_post.erb (1.7ms)
  Rendered home/index.html.erb within layouts/application (4.9ms)
  Rendered layouts/_menu.erb (0.5ms)
Completed 200 OK in 47ms (Views: 43.9ms | ActiveRecord: 0.0ms)


Started GET "/" for 127.0.0.1 at 2018-06-16 14:08:39 +0200
Processing by HomeController#index as HTML
  Rendering home/index.html.erb within layouts/application
  Rendered post/_post.erb (1.2ms)
  Rendered home/index.html.erb within layouts/application (4.1ms)
  Rendered layouts/_menu.erb (0.6ms)
Completed 200 OK in 56ms (Views: 52.1ms | ActiveRecord: 0.0ms)


Started GET "/" for 127.0.0.1 at 2018-06-16 14:08:44 +0200
Processing by HomeController#index as HTML
  Rendering home/index.html.erb within layouts/application
  Rendered post/_post.erb (1.2ms)
  Rendered home/index.html.erb within layouts/application (4.6ms)
  Rendered layouts/_menu.erb (0.8ms)
Completed 200 OK in 106ms (Views: 102.1ms | ActiveRecord: 0.0ms)


  [1m[35m (13.7ms)[0m  [1m[34mSELECT "schema_migrations"."version" FROM "schema_migrations" ORDER BY "schema_migrations"."version" ASC[0m
Migrating to AddNameToUser (20180616120926)
  [1m[35m (0.2ms)[0m  [1m[36mbegin transaction[0m
  [1m[35m (17.5ms)[0m  [1m[35mALTER TABLE "users" ADD "name" varchar[0m
  [1m[35mSQL (0.6ms)[0m  [1m[32mINSERT INTO "schema_migrations" ("version") VALUES (?)[0m  [["version", "20180616120926"]]
  [1m[35m (1.6ms)[0m  [1m[36mcommit transaction[0m
Migrating to AddSurnameToUser (20180616120939)
  [1m[35m (0.1ms)[0m  [1m[36mbegin transaction[0m
  [1m[35m (0.7ms)[0m  [1m[35mALTER TABLE "users" ADD "surname" varchar[0m
  [1m[35mSQL (0.2ms)[0m  [1m[32mINSERT INTO "schema_migrations" ("version") VALUES (?)[0m  [["version", "20180616120939"]]
  [1m[35m (0.9ms)[0m  [1m[36mcommit transaction[0m
  [1m[36mActiveRecord::InternalMetadata Load (0.8ms)[0m  [1m[34mSELECT  "ar_internal_metadata".* FROM "ar_internal_metadata" WHERE "ar_internal_metadata"."key" = ? LIMIT ?[0m  [["key", "environment"], ["LIMIT", 1]]
  [1m[35m (0.1ms)[0m  [1m[36mbegin transaction[0m
  [1m[35m (0.0ms)[0m  [1m[36mcommit transaction[0m
  [1m[35m (0.2ms)[0m  [1m[34mSELECT "schema_migrations"."version" FROM "schema_migrations" ORDER BY "schema_migrations"."version" ASC[0m
  [1m[35m (0.2ms)[0m  [1m[34m            SELECT sql
            FROM sqlite_master
            WHERE name='index_users_on_reset_password_token' AND type='index'
            UNION ALL
            SELECT sql
            FROM sqlite_temp_master
            WHERE name='index_users_on_reset_password_token' AND type='index'
[0m
  [1m[35m (0.1ms)[0m  [1m[34m            SELECT sql
            FROM sqlite_master
            WHERE name='index_users_on_email' AND type='index'
            UNION ALL
            SELECT sql
            FROM sqlite_temp_master
            WHERE name='index_users_on_email' AND type='index'
[0m
  [1m[36mUser Load (3.9ms)[0m  [1m[34mSELECT  "users".* FROM "users" WHERE "users"."id" = ? LIMIT ?[0m  [["id", 1], ["LIMIT", 1]]
  [1m[36mUser Load (0.3ms)[0m  [1m[34mSELECT  "users".* FROM "users" WHERE "users"."id" = ? LIMIT ?[0m  [["id", 1], ["LIMIT", 1]]
  [1m[36mUser Load (0.3ms)[0m  [1m[34mSELECT  "users".* FROM "users" WHERE "users"."id" = ? LIMIT ?[0m  [["id", 1], ["LIMIT", 1]]
  [1m[35m (0.1ms)[0m  [1m[36mbegin transaction[0m
  [1m[35mSQL (0.6ms)[0m  [1m[33mUPDATE "users" SET "updated_at" = ?, "name" = ?, "surname" = ? WHERE "users"."id" = ?[0m  [["updated_at", "2018-06-16 12:11:55.309902"], ["name", "Giuseppe"], ["surname", "Battaglia"], ["id", 1]]
  [1m[35m (1.2ms)[0m  [1m[36mcommit transaction[0m
Started GET "/" for 127.0.0.1 at 2018-06-16 14:11:58 +0200
  [1m[35m (0.2ms)[0m  [1m[34mSELECT "schema_migrations"."version" FROM "schema_migrations" ORDER BY "schema_migrations"."version" ASC[0m
Processing by HomeController#index as HTML
  Rendering home/index.html.erb within layouts/application
  Rendered post/_post.erb (1.0ms)
  Rendered home/index.html.erb within layouts/application (4.1ms)
  Rendered layouts/_menu.erb (0.4ms)
Completed 200 OK in 56ms (Views: 52.9ms | ActiveRecord: 0.0ms)


Started GET "/" for 127.0.0.1 at 2018-06-16 14:12:34 +0200
Processing by HomeController#index as HTML
  Rendering home/index.html.erb within layouts/application
  Rendered post/_post.erb (0.9ms)
  Rendered home/index.html.erb within layouts/application (3.4ms)
  Rendered layouts/_menu.erb (0.5ms)
Completed 200 OK in 42ms (Views: 38.8ms | ActiveRecord: 0.0ms)


Started GET "/" for 127.0.0.1 at 2018-06-16 14:13:13 +0200
Processing by HomeController#index as HTML
  Rendering home/index.html.erb within layouts/application
  Rendered post/_post.erb (1.3ms)
  Rendered home/index.html.erb within layouts/application (4.0ms)
  [1m[36mUser Load (0.4ms)[0m  [1m[34mSELECT  "users".* FROM "users" WHERE "users"."id" = ? ORDER BY "users"."id" ASC LIMIT ?[0m  [["id", 1], ["LIMIT", 1]]
  Rendered layouts/_menu.erb (33.6ms)
Completed 200 OK in 76ms (Views: 71.7ms | ActiveRecord: 1.4ms)


Started GET "/" for 127.0.0.1 at 2018-06-16 14:16:48 +0200
Processing by HomeController#index as HTML
  Rendering home/index.html.erb within layouts/application
  Rendered post/_post.erb (1.7ms)
  Rendered home/index.html.erb within layouts/application (4.9ms)
  [1m[36mUser Load (0.5ms)[0m  [1m[34mSELECT  "users".* FROM "users" WHERE "users"."id" = ? ORDER BY "users"."id" ASC LIMIT ?[0m  [["id", 1], ["LIMIT", 1]]
  Rendered layouts/_menu.erb (3.1ms)
Completed 200 OK in 557ms (Views: 552.8ms | ActiveRecord: 0.5ms)


Started GET "/" for 127.0.0.1 at 2018-06-16 14:17:17 +0200
Processing by HomeController#index as HTML
  Rendering home/index.html.erb within layouts/application
  Rendered post/_post.erb (1.0ms)
  Rendered home/index.html.erb within layouts/application (4.1ms)
  [1m[36mUser Load (0.2ms)[0m  [1m[34mSELECT  "users".* FROM "users" WHERE "users"."id" = ? ORDER BY "users"."id" ASC LIMIT ?[0m  [["id", 1], ["LIMIT", 1]]
  Rendered layouts/_menu.erb (1.9ms)
Completed 200 OK in 145ms (Views: 141.4ms | ActiveRecord: 0.2ms)


Started GET "/" for 127.0.0.1 at 2018-06-16 14:18:38 +0200
Processing by HomeController#index as HTML
  Rendering home/index.html.erb within layouts/application
  Rendered post/_post.erb (8.3ms)
  Rendered home/index.html.erb within layouts/application (14.4ms)
  [1m[36mUser Load (0.5ms)[0m  [1m[34mSELECT  "users".* FROM "users" WHERE "users"."id" = ? ORDER BY "users"."id" ASC LIMIT ?[0m  [["id", 1], ["LIMIT", 1]]
  Rendered layouts/_menu.erb (10.0ms)
Completed 200 OK in 384ms (Views: 371.1ms | ActiveRecord: 0.5ms)


Started GET "/" for 127.0.0.1 at 2018-06-16 14:19:08 +0200
Processing by HomeController#index as HTML
  Rendering home/index.html.erb within layouts/application
  Rendered post/_post.erb (1.1ms)
  Rendered home/index.html.erb within layouts/application (4.3ms)
  [1m[36mUser Load (0.3ms)[0m  [1m[34mSELECT  "users".* FROM "users" WHERE "users"."id" = ? ORDER BY "users"."id" ASC LIMIT ?[0m  [["id", 1], ["LIMIT", 1]]
  Rendered layouts/_menu.erb (3.3ms)
Completed 200 OK in 229ms (Views: 225.0ms | ActiveRecord: 0.3ms)


Started GET "/" for 127.0.0.1 at 2018-06-16 14:20:43 +0200
Processing by HomeController#index as HTML
  Rendering home/index.html.erb within layouts/application
  Rendered post/_post.erb (1.6ms)
  Rendered home/index.html.erb within layouts/application (5.0ms)
  [1m[36mUser Load (0.3ms)[0m  [1m[34mSELECT  "users".* FROM "users" WHERE "users"."id" = ? ORDER BY "users"."id" ASC LIMIT ?[0m  [["id", 1], ["LIMIT", 1]]
  Rendered layouts/_menu.erb (2.7ms)
Completed 200 OK in 434ms (Views: 428.9ms | ActiveRecord: 0.3ms)


Started GET "/" for 127.0.0.1 at 2018-06-16 14:21:01 +0200
Processing by HomeController#index as HTML
  Rendering home/index.html.erb within layouts/application
  Rendered post/_post.erb (1.3ms)
  Rendered home/index.html.erb within layouts/application (4.2ms)
  [1m[36mUser Load (0.3ms)[0m  [1m[34mSELECT  "users".* FROM "users" WHERE "users"."id" = ? ORDER BY "users"."id" ASC LIMIT ?[0m  [["id", 1], ["LIMIT", 1]]
  Rendered layouts/_menu.erb (2.3ms)
Completed 200 OK in 285ms (Views: 280.6ms | ActiveRecord: 0.3ms)


Started GET "/" for 127.0.0.1 at 2018-06-16 14:22:40 +0200
Processing by HomeController#index as HTML
  Rendering home/index.html.erb within layouts/application
  Rendered post/_post.erb (1.1ms)
  Rendered home/index.html.erb within layouts/application (4.6ms)
  [1m[36mUser Load (0.5ms)[0m  [1m[34mSELECT  "users".* FROM "users" WHERE "users"."id" = ? ORDER BY "users"."id" ASC LIMIT ?[0m  [["id", 1], ["LIMIT", 1]]
  Rendered layouts/_menu.erb (3.3ms)
Completed 200 OK in 162ms (Views: 157.3ms | ActiveRecord: 0.5ms)


Started GET "/" for 127.0.0.1 at 2018-06-16 14:23:07 +0200
Processing by HomeController#index as HTML
  Rendering home/index.html.erb within layouts/application
  Rendered post/_post.erb (2.0ms)
  Rendered home/index.html.erb within layouts/application (7.0ms)
  [1m[36mUser Load (0.5ms)[0m  [1m[34mSELECT  "users".* FROM "users" WHERE "users"."id" = ? ORDER BY "users"."id" ASC LIMIT ?[0m  [["id", 1], ["LIMIT", 1]]
  Rendered layouts/_menu.erb (2.9ms)
Completed 200 OK in 180ms (Views: 174.3ms | ActiveRecord: 0.5ms)


Started GET "/" for 127.0.0.1 at 2018-06-16 14:23:15 +0200
Processing by HomeController#index as HTML
  Rendering home/index.html.erb within layouts/application
  Rendered post/_post.erb (1.3ms)
  Rendered home/index.html.erb within layouts/application (4.9ms)
  [1m[36mUser Load (0.5ms)[0m  [1m[34mSELECT  "users".* FROM "users" WHERE "users"."id" = ? ORDER BY "users"."id" ASC LIMIT ?[0m  [["id", 1], ["LIMIT", 1]]
  Rendered layouts/_menu.erb (2.5ms)
Completed 200 OK in 221ms (Views: 217.0ms | ActiveRecord: 0.5ms)


Started GET "/" for 127.0.0.1 at 2018-06-16 14:23:25 +0200
Processing by HomeController#index as HTML
  Rendering home/index.html.erb within layouts/application
  Rendered post/_post.erb (0.8ms)
  Rendered home/index.html.erb within layouts/application (3.5ms)
  [1m[36mUser Load (0.4ms)[0m  [1m[34mSELECT  "users".* FROM "users" WHERE "users"."id" = ? ORDER BY "users"."id" ASC LIMIT ?[0m  [["id", 1], ["LIMIT", 1]]
  Rendered layouts/_menu.erb (2.9ms)
Completed 200 OK in 150ms (Views: 145.8ms | ActiveRecord: 0.4ms)


Started GET "/" for 127.0.0.1 at 2018-06-16 14:24:13 +0200
Processing by HomeController#index as HTML
  Rendering home/index.html.erb within layouts/application
  Rendered post/_post.erb (1.4ms)
  Rendered home/index.html.erb within layouts/application (5.0ms)
  [1m[36mUser Load (0.3ms)[0m  [1m[34mSELECT  "users".* FROM "users" WHERE "users"."id" = ? ORDER BY "users"."id" ASC LIMIT ?[0m  [["id", 1], ["LIMIT", 1]]
  Rendered layouts/_menu.erb (2.7ms)
Completed 200 OK in 463ms (Views: 458.6ms | ActiveRecord: 0.3ms)


